# JRE version: OpenJDK Runtime Environment (17.0.11) (build 17.0.11+0--11852314)
# Java VM: OpenJDK 64-Bit Server VM (17.0.11+0--11852314, mixed mode, tiered, compressed oops, compressed class ptrs, g1 gc, windows-amd64)
GC Precious Log:
 CPUs: 8 total, 8 available
 Memory: 7987M
 Large Page Support: Disabled
 NUMA Support: Disabled
 Compressed Oops: Enabled (32-bit)
 Heap Region Size: 1M
 Heap Min Capacity: 8M
 Heap Initial Capacity: 126M
 Heap Max Capacity: 2G
 Pre-touch: Disabled
 Parallel Workers: 8
 Concurrent Workers: 2
 Concurrent Refinement Workers: 8
 Periodic GC: Disabled
Heap:
 garbage-first heap   total 492544K, used 130826K [0x0000000080000000, 0x0000000100000000)
  region size 1024K, 2 young (2048K), 2 survivors (2048K)
 Metaspace       used 165807K, committed 167808K, reserved 1245184K
  class space    used 21667K, committed 22592K, reserved 1048576K
GC Heap History (20 events):
Event: 5565.050 GC heap after
{Heap after GC invocations=91 (full 0):
 garbage-first heap   total 498688K, used 119995K [0x0000000080000000, 0x0000000100000000)
  region size 1024K, 3 young (3072K), 3 survivors (3072K)
 Metaspace       used 162855K, committed 164160K, reserved 1245184K
  class space    used 21217K, committed 21824K, reserved 1048576K
}
Event: 5565.144 GC heap before
{Heap before GC invocations=91 (full 0):
 garbage-first heap   total 498688K, used 136379K [0x0000000080000000, 0x0000000100000000)
  region size 1024K, 20 young (20480K), 3 survivors (3072K)
 Metaspace       used 162867K, committed 164160K, reserved 1245184K
  class space    used 21217K, committed 21824K, reserved 1048576K
}
Event: 5565.147 GC heap after
{Heap after GC invocations=92 (full 0):
 garbage-first heap   total 498688K, used 122258K [0x0000000080000000, 0x0000000100000000)
  region size 1024K, 5 young (5120K), 5 survivors (5120K)
 Metaspace       used 162867K, committed 164160K, reserved 1245184K
  class space    used 21217K, committed 21824K, reserved 1048576K
}
Event: 5591.862 GC heap before
{Heap before GC invocations=93 (full 0):
 garbage-first heap   total 464896K, used 414098K [0x0000000080000000, 0x0000000100000000)
  region size 1024K, 272 young (278528K), 5 survivors (5120K)
 Metaspace       used 163352K, committed 164736K, reserved 1245184K
  class space    used 21254K, committed 21888K, reserved 1048576K
}
Event: 5591.875 GC heap after
{Heap after GC invocations=94 (full 0):
 garbage-first heap   total 464896K, used 135853K [0x0000000080000000, 0x0000000100000000)
  region size 1024K, 15 young (15360K), 15 survivors (15360K)
 Metaspace       used 163352K, committed 164736K, reserved 1245184K
  class space    used 21254K, committed 21888K, reserved 1048576K
}
Event: 5591.896 GC heap before
{Heap before GC invocations=94 (full 0):
 garbage-first heap   total 464896K, used 143021K [0x0000000080000000, 0x0000000100000000)
  region size 1024K, 22 young (22528K), 15 survivors (15360K)
 Metaspace       used 163356K, committed 164736K, reserved 1245184K
  class space    used 21254K, committed 21888K, reserved 1048576K
}
Event: 5591.913 GC heap after
{Heap after GC invocations=95 (full 0):
 garbage-first heap   total 464896K, used 125944K [0x0000000080000000, 0x0000000100000000)
  region size 1024K, 2 young (2048K), 2 survivors (2048K)
 Metaspace       used 163356K, committed 164736K, reserved 1245184K
  class space    used 21254K, committed 21888K, reserved 1048576K
}
Event: 5592.025 GC heap before
{Heap before GC invocations=95 (full 0):
 garbage-first heap   total 464896K, used 150520K [0x0000000080000000, 0x0000000100000000)
  region size 1024K, 27 young (27648K), 2 survivors (2048K)
 Metaspace       used 163394K, committed 164800K, reserved 1245184K
  class space    used 21256K, committed 21888K, reserved 1048576K
}
Event: 5592.029 GC heap after
{Heap after GC invocations=96 (full 0):
 garbage-first heap   total 464896K, used 125894K [0x0000000080000000, 0x0000000100000000)
  region size 1024K, 2 young (2048K), 2 survivors (2048K)
 Metaspace       used 163394K, committed 164800K, reserved 1245184K
  class space    used 21256K, committed 21888K, reserved 1048576K
}
Event: 6071.216 GC heap before
{Heap before GC invocations=97 (full 0):
 garbage-first heap   total 464896K, used 415686K [0x0000000080000000, 0x0000000100000000)
  region size 1024K, 254 young (260096K), 2 survivors (2048K)
 Metaspace       used 165284K, committed 167168K, reserved 1245184K
  class space    used 21637K, committed 22528K, reserved 1048576K
}
Event: 6071.293 GC heap after
{Heap after GC invocations=98 (full 0):
 garbage-first heap   total 464896K, used 136636K [0x0000000080000000, 0x0000000100000000)
  region size 1024K, 10 young (10240K), 10 survivors (10240K)
 Metaspace       used 165284K, committed 167168K, reserved 1245184K
  class space    used 21637K, committed 22528K, reserved 1048576K
}
Event: 6071.573 GC heap before
{Heap before GC invocations=98 (full 0):
 garbage-first heap   total 464896K, used 148924K [0x0000000080000000, 0x0000000100000000)
  region size 1024K, 22 young (22528K), 10 survivors (10240K)
 Metaspace       used 165298K, committed 167168K, reserved 1245184K
  class space    used 21637K, committed 22528K, reserved 1048576K
}
Event: 6071.612 GC heap after
{Heap after GC invocations=99 (full 0):
 garbage-first heap   total 464896K, used 130206K [0x0000000080000000, 0x0000000100000000)
  region size 1024K, 3 young (3072K), 3 survivors (3072K)
 Metaspace       used 165298K, committed 167168K, reserved 1245184K
  class space    used 21637K, committed 22528K, reserved 1048576K
}
Event: 6071.700 GC heap before
{Heap before GC invocations=99 (full 0):
 garbage-first heap   total 464896K, used 134302K [0x0000000080000000, 0x0000000100000000)
  region size 1024K, 8 young (8192K), 3 survivors (3072K)
 Metaspace       used 165302K, committed 167232K, reserved 1245184K
  class space    used 21637K, committed 22528K, reserved 1048576K
}
Event: 6071.708 GC heap after
{Heap after GC invocations=100 (full 0):
 garbage-first heap   total 464896K, used 130868K [0x0000000080000000, 0x0000000100000000)
  region size 1024K, 4 young (4096K), 4 survivors (4096K)
 Metaspace       used 165302K, committed 167232K, reserved 1245184K
  class space    used 21637K, committed 22528K, reserved 1048576K
}
Event: 6152.958 GC heap before
{Heap before GC invocations=101 (full 0):
 garbage-first heap   total 464896K, used 394036K [0x0000000080000000, 0x0000000100000000)
  region size 1024K, 243 young (248832K), 4 survivors (4096K)
 Metaspace       used 165717K, committed 167744K, reserved 1245184K
  class space    used 21664K, committed 22592K, reserved 1048576K
}
Event: 6152.977 GC heap after
{Heap after GC invocations=102 (full 0):
 garbage-first heap   total 464896K, used 144575K [0x0000000080000000, 0x0000000100000000)
  region size 1024K, 13 young (13312K), 13 survivors (13312K)
 Metaspace       used 165717K, committed 167744K, reserved 1245184K
  class space    used 21664K, committed 22592K, reserved 1048576K
}
Event: 6153.014 GC heap before
{Heap before GC invocations=102 (full 0):
 garbage-first heap   total 464896K, used 152767K [0x0000000080000000, 0x0000000100000000)
  region size 1024K, 22 young (22528K), 13 survivors (13312K)
 Metaspace       used 165717K, committed 167744K, reserved 1245184K
  class space    used 21664K, committed 22592K, reserved 1048576K
}
Event: 6153.031 GC heap after
{Heap after GC invocations=103 (full 0):
 garbage-first heap   total 464896K, used 130599K [0x0000000080000000, 0x0000000100000000)
  region size 1024K, 2 young (2048K), 2 survivors (2048K)
 Metaspace       used 165717K, committed 167744K, reserved 1245184K
  class space    used 21664K, committed 22592K, reserved 1048576K
}
Event: 6153.275 GC heap before
{Heap before GC invocations=103 (full 0):
 garbage-first heap   total 464896K, used 178727K [0x0000000080000000, 0x0000000100000000)
  region size 1024K, 51 young (52224K), 2 survivors (2048K)
 Metaspace       used 165807K, committed 167808K, reserved 1245184K
  class space    used 21667K, committed 22592K, reserved 1048576K
}

