# JRE version: OpenJDK Runtime Environment (17.0.11) (build 17.0.11+0--11852314)
# Java VM: OpenJDK 64-Bit Server VM (17.0.11+0--11852314, mixed mode, tiered, compressed oops, compressed class ptrs, g1 gc, windows-amd64)
GC Precious Log:
 CPUs: 8 total, 8 available
 Memory: 7987M
 Large Page Support: Disabled
 NUMA Support: Disabled
 Compressed Oops: Enabled (32-bit)
 Heap Region Size: 1M
 Heap Min Capacity: 8M
 Heap Initial Capacity: 126M
 Heap Max Capacity: 2G
 Pre-touch: Disabled
 Parallel Workers: 8
 Concurrent Workers: 2
 Concurrent Refinement Workers: 8
 Periodic GC: Disabled
Heap:
 garbage-first heap   total 354304K, used 164378K [0x0000000080000000, 0x0000000100000000)
  region size 1024K, 11 young (11264K), 11 survivors (11264K)
 Metaspace       used 155988K, committed 157376K, reserved 1245184K
  class space    used 20389K, committed 21056K, reserved 1048576K
GC Heap History (20 events):
Event: 4370.196 GC heap after
{Heap after GC invocations=96 (full 0):
 garbage-first heap   total 348160K, used 118028K [0x0000000080000000, 0x0000000100000000)
  region size 1024K, 7 young (7168K), 7 survivors (7168K)
 Metaspace       used 153790K, committed 155136K, reserved 1245184K
  class space    used 20215K, committed 20864K, reserved 1048576K
}
Event: 4373.527 GC heap before
{Heap before GC invocations=97 (full 0):
 garbage-first heap   total 348160K, used 285964K [0x0000000080000000, 0x0000000100000000)
  region size 1024K, 151 young (154624K), 7 survivors (7168K)
 Metaspace       used 154834K, committed 156224K, reserved 1245184K
  class space    used 20338K, committed 20992K, reserved 1048576K
}
Event: 4373.557 GC heap after
{Heap after GC invocations=98 (full 0):
 garbage-first heap   total 348160K, used 129623K [0x0000000080000000, 0x0000000100000000)
  region size 1024K, 17 young (17408K), 17 survivors (17408K)
 Metaspace       used 154834K, committed 156224K, reserved 1245184K
  class space    used 20338K, committed 20992K, reserved 1048576K
}
Event: 4373.558 GC heap before
{Heap before GC invocations=98 (full 0):
 garbage-first heap   total 348160K, used 130647K [0x0000000080000000, 0x0000000100000000)
  region size 1024K, 18 young (18432K), 17 survivors (17408K)
 Metaspace       used 154834K, committed 156224K, reserved 1245184K
  class space    used 20338K, committed 20992K, reserved 1048576K
}
Event: 4373.587 GC heap after
{Heap after GC invocations=99 (full 0):
 garbage-first heap   total 348160K, used 128189K [0x0000000080000000, 0x0000000100000000)
  region size 1024K, 1 young (1024K), 1 survivors (1024K)
 Metaspace       used 154834K, committed 156224K, reserved 1245184K
  class space    used 20338K, committed 20992K, reserved 1048576K
}
Event: 4374.192 GC heap before
{Heap before GC invocations=99 (full 0):
 garbage-first heap   total 348160K, used 241853K [0x0000000080000000, 0x0000000100000000)
  region size 1024K, 114 young (116736K), 1 survivors (1024K)
 Metaspace       used 155314K, committed 156736K, reserved 1245184K
  class space    used 20364K, committed 21056K, reserved 1048576K
}
Event: 4374.202 GC heap after
{Heap after GC invocations=100 (full 0):
 garbage-first heap   total 348160K, used 137390K [0x0000000080000000, 0x0000000100000000)
  region size 1024K, 10 young (10240K), 10 survivors (10240K)
 Metaspace       used 155314K, committed 156736K, reserved 1245184K
  class space    used 20364K, committed 21056K, reserved 1048576K
}
Event: 4731.826 GC heap before
{Heap before GC invocations=101 (full 0):
 garbage-first heap   total 348160K, used 287918K [0x0000000080000000, 0x0000000100000000)
  region size 1024K, 142 young (145408K), 10 survivors (10240K)
 Metaspace       used 155688K, committed 157120K, reserved 1245184K
  class space    used 20388K, committed 21056K, reserved 1048576K
}
Event: 4731.869 GC heap after
{Heap after GC invocations=102 (full 0):
 garbage-first heap   total 348160K, used 158973K [0x0000000080000000, 0x0000000100000000)
  region size 1024K, 18 young (18432K), 18 survivors (18432K)
 Metaspace       used 155688K, committed 157120K, reserved 1245184K
  class space    used 20388K, committed 21056K, reserved 1048576K
}
Event: 4731.875 GC heap before
{Heap before GC invocations=102 (full 0):
 garbage-first heap   total 348160K, used 159997K [0x0000000080000000, 0x0000000100000000)
  region size 1024K, 19 young (19456K), 18 survivors (18432K)
 Metaspace       used 155690K, committed 157120K, reserved 1245184K
  class space    used 20388K, committed 21056K, reserved 1048576K
}
Event: 4731.898 GC heap after
{Heap after GC invocations=103 (full 0):
 garbage-first heap   total 348160K, used 156901K [0x0000000080000000, 0x0000000100000000)
  region size 1024K, 3 young (3072K), 3 survivors (3072K)
 Metaspace       used 155690K, committed 157120K, reserved 1245184K
  class space    used 20388K, committed 21056K, reserved 1048576K
}
Event: 4732.338 GC heap before
{Heap before GC invocations=103 (full 0):
 garbage-first heap   total 348160K, used 232677K [0x0000000080000000, 0x0000000100000000)
  region size 1024K, 79 young (80896K), 3 survivors (3072K)
 Metaspace       used 155773K, committed 157184K, reserved 1245184K
  class space    used 20388K, committed 21056K, reserved 1048576K
}
Event: 4732.344 GC heap after
{Heap after GC invocations=104 (full 0):
 garbage-first heap   total 348160K, used 156737K [0x0000000080000000, 0x0000000100000000)
  region size 1024K, 3 young (3072K), 3 survivors (3072K)
 Metaspace       used 155773K, committed 157184K, reserved 1245184K
  class space    used 20388K, committed 21056K, reserved 1048576K
}
Event: 4845.038 GC heap before
{Heap before GC invocations=105 (full 0):
 garbage-first heap   total 348160K, used 288833K [0x0000000080000000, 0x0000000100000000)
  region size 1024K, 116 young (118784K), 3 survivors (3072K)
 Metaspace       used 155781K, committed 157184K, reserved 1245184K
  class space    used 20376K, committed 21056K, reserved 1048576K
}
Event: 4845.058 GC heap after
{Heap after GC invocations=106 (full 0):
 garbage-first heap   total 348160K, used 179301K [0x0000000080000000, 0x0000000100000000)
  region size 1024K, 15 young (15360K), 15 survivors (15360K)
 Metaspace       used 155781K, committed 157184K, reserved 1245184K
  class space    used 20376K, committed 21056K, reserved 1048576K
}
Event: 4845.069 GC heap before
{Heap before GC invocations=106 (full 0):
 garbage-first heap   total 348160K, used 181349K [0x0000000080000000, 0x0000000100000000)
  region size 1024K, 17 young (17408K), 15 survivors (15360K)
 Metaspace       used 155882K, committed 157248K, reserved 1245184K
  class space    used 20389K, committed 21056K, reserved 1048576K
}
Event: 4845.098 GC heap after
{Heap after GC invocations=107 (full 0):
 garbage-first heap   total 348160K, used 154475K [0x0000000080000000, 0x0000000100000000)
  region size 1024K, 2 young (2048K), 2 survivors (2048K)
 Metaspace       used 155882K, committed 157248K, reserved 1245184K
  class space    used 20389K, committed 21056K, reserved 1048576K
}
Event: 4845.185 GC heap before
{Heap before GC invocations=107 (full 0):
 garbage-first heap   total 348160K, used 169835K [0x0000000080000000, 0x0000000100000000)
  region size 1024K, 17 young (17408K), 2 survivors (2048K)
 Metaspace       used 155894K, committed 157312K, reserved 1245184K
  class space    used 20389K, committed 21056K, reserved 1048576K
}
Event: 4845.190 GC heap after
{Heap after GC invocations=108 (full 0):
 garbage-first heap   total 348160K, used 156020K [0x0000000080000000, 0x0000000100000000)
  region size 1024K, 3 young (3072K), 3 survivors (3072K)
 Metaspace       used 155894K, committed 157312K, reserved 1245184K
  class space    used 20389K, committed 21056K, reserved 1048576K
}
Event: 4845.422 GC heap before
{Heap before GC invocations=108 (full 0):
 garbage-first heap   total 348160K, used 266612K [0x0000000080000000, 0x0000000100000000)
  region size 1024K, 112 young (114688K), 3 survivors (3072K)
 Metaspace       used 155988K, committed 157376K, reserved 1245184K
  class space    used 20389K, committed 21056K, reserved 1048576K
}

